<?xml version="1.0" encoding="UTF-8"?>
<!-- Generated by org.testng.reporters.JUnitReportReporter -->
<testsuite hostname="MoreVasanthKumar" failures="0" tests="1" name="org.exercise.ElasticKibana.TestCase1" time="0.041" errors="0" timestamp="2024-04-16T11:40:21 IST" skipped="0">
  <testcase classname="org.exercise.ElasticKibana.TestCase1" name="passTestcase" time="0.041"/>
</testsuite> <!-- org.exercise.ElasticKibana.TestCase1 -->
